<?xml version="1.0" encoding="UTF-8"?>
<!-- Generated by org.testng.reporters.JUnitXMLReporter -->
<testsuite hostname="ShreyaPradhan" ignored="0" name="Surefire test" tests="21" failures="4" timestamp="2022-02-20T23:22:05 NPT" time="508.635" errors="0">
  <testcase name="testMovieMetadataOnWebHasCorrectGenres" time="24.2" classname="com.qt.qualithon.test.MovieSearchTest"/>
  <testcase name="testMovieMetadataOnWebHasCorrectDirectorName" time="24.29" classname="com.qt.qualithon.test.MovieSearchTest"/>
  <testcase name="testMovieMetadataOnWebHasCorrectDirectorName" time="22.152" classname="com.qt.qualithon.test.MovieSearchTest"/>
  <testcase name="testMovieMetadataOnWebHasCorrectGenres" time="23.614" classname="com.qt.qualithon.test.MovieSearchTest"/>
  <testcase name="testMovieMetadataOnWebHasCorrectMovieRatingScore" time="20.959" classname="com.qt.qualithon.test.MovieSearchTest"/>
  <testcase name="testMovieMetadataOnWebHasCorrectMaturityRating" time="22.953" classname="com.qt.qualithon.test.MovieSearchTest"/>
  <testcase name="testMovieMetadataOnWebHasCorrectMovieRatingScore" time="28.042" classname="com.qt.qualithon.test.MovieSearchTest"/>
  <testcase name="testMovieMetadataOnWebHasCorrectMaturityRating" time="28.313" classname="com.qt.qualithon.test.MovieSearchTest">
    <failure type="org.junit.ComparisonFailure" message="expected:&amp;lt;&amp;quot;[PG-13]&amp;quot;&amp;gt; but was:&amp;lt;&amp;quot;[12A]&amp;quot;&amp;gt;">
      <![CDATA[org.junit.ComparisonFailure: expected:<"[PG-13]"> but was:<"[12A]">
at com.qt.qualithon.test.MovieSearchTest.testMovieMetadataOnWebHasCorrectMaturityRating(MovieSearchTest.java:165)
at java.util.concurrent.ThreadPoolExecutor.runWorker(ThreadPoolExecutor.java:1149)
at java.util.concurrent.ThreadPoolExecutor$Worker.run(ThreadPoolExecutor.java:624)
at java.lang.Thread.run(Thread.java:748)
... Removed 15 stack frames]]>
    </failure>
  </testcase> <!-- testMovieMetadataOnWebHasCorrectMaturityRating -->
  <testcase name="testMovieMetadataOnWebHasCorrectReleaseYear" time="26.575" classname="com.qt.qualithon.test.MovieSearchTest"/>
  <testcase name="testMovieMetadataOnWebHasCorrectWriters" time="28.464" classname="com.qt.qualithon.test.MovieSearchTest"/>
  <testcase name="testMovieMetadataOnWebHasCorrectReleaseYear" time="24.599" classname="com.qt.qualithon.test.MovieSearchTest"/>
  <testcase name="testMovieMetadataOnWebHasCorrectWriters" time="24.385" classname="com.qt.qualithon.test.MovieSearchTest"/>
  <testcase name="testSearchByExactMovieTitleReturnsMovieAsFirstResult" time="22.229" classname="com.qt.qualithon.test.MovieSearchTest"/>
  <testcase name="testSearchByExactMovieTitleReturnsMovieAsFirstResult" time="32.441" classname="com.qt.qualithon.test.MovieSearchTest"/>
  <testcase name="testMovieMetadataOnWebHasCorrectDirectorName" time="71.085" classname="com.qt.qualithon.test.RottenTomatoesMovieSearchTest"/>
  <testcase name="testMovieMetadataOnWebHasCorrectGenres" time="80.319" classname="com.qt.qualithon.test.RottenTomatoesMovieSearchTest">
    <failure type="java.lang.AssertionError" message="
Expecting ArrayList:
  [&amp;quot;Drama&amp;quot;, &amp;quot; Comedy&amp;quot;]
to contain only:
  [&amp;quot;Crime&amp;quot;, &amp;quot;Sci-Fi&amp;quot;]
element(s) not found:
  [&amp;quot;Crime&amp;quot;, &amp;quot;Sci-Fi&amp;quot;]
and element(s) not expected:
  [&amp;quot;Drama&amp;quot;, &amp;quot; Comedy&amp;quot;]
">
      <![CDATA[java.lang.AssertionError: 
Expecting ArrayList:
  ["Drama", " Comedy"]
to contain only:
  ["Crime", "Sci-Fi"]
element(s) not found:
  ["Crime", "Sci-Fi"]
and element(s) not expected:
  ["Drama", " Comedy"]

at com.qt.qualithon.test.RottenTomatoesMovieSearchTest.testMovieMetadataOnWebHasCorrectGenres(RottenTomatoesMovieSearchTest.java:141)
at java.util.concurrent.ThreadPoolExecutor.runWorker(ThreadPoolExecutor.java:1149)
at java.util.concurrent.ThreadPoolExecutor$Worker.run(ThreadPoolExecutor.java:624)
at java.lang.Thread.run(Thread.java:748)
... Removed 12 stack frames]]>
    </failure>
  </testcase> <!-- testMovieMetadataOnWebHasCorrectGenres -->
  <testcase name="testMovieMetadataOnWebHasCorrectMaturityRating" time="84.526" classname="com.qt.qualithon.test.RottenTomatoesMovieSearchTest">
    <failure type="org.junit.ComparisonFailure" message="expected:&amp;lt;&amp;quot;[X]&amp;quot;&amp;gt; but was:&amp;lt;&amp;quot;[R]&amp;quot;&amp;gt;">
      <![CDATA[org.junit.ComparisonFailure: expected:<"[X]"> but was:<"[R]">
at com.qt.qualithon.test.RottenTomatoesMovieSearchTest.testMovieMetadataOnWebHasCorrectMaturityRating(RottenTomatoesMovieSearchTest.java:160)
at java.util.concurrent.ThreadPoolExecutor.runWorker(ThreadPoolExecutor.java:1149)
at java.util.concurrent.ThreadPoolExecutor$Worker.run(ThreadPoolExecutor.java:624)
at java.lang.Thread.run(Thread.java:748)
... Removed 15 stack frames]]>
    </failure>
  </testcase> <!-- testMovieMetadataOnWebHasCorrectMaturityRating -->
  <testcase name="testMovieMetadataOnWebHasCorrectMovieRatingScore" time="88.259" classname="com.qt.qualithon.test.RottenTomatoesMovieSearchTest"/>
  <testcase name="testMovieMetadataOnWebHasCorrectReleaseYear" time="86.035" classname="com.qt.qualithon.test.RottenTomatoesMovieSearchTest"/>
  <testcase name="testMovieMetadataOnWebHasCorrectWriters" time="81.642" classname="com.qt.qualithon.test.RottenTomatoesMovieSearchTest">
    <failure type="java.lang.AssertionError" message="
Expecting ArrayList:
  [&amp;quot;Stanley Kubrick&amp;quot;]
to contain only:
  [&amp;quot;Stanley Kubrick&amp;quot;, &amp;quot;Anthony Burgess&amp;quot;]
but could not find the following element(s):
  [&amp;quot;Anthony Burgess&amp;quot;]
">
      <![CDATA[java.lang.AssertionError: 
Expecting ArrayList:
  ["Stanley Kubrick"]
to contain only:
  ["Stanley Kubrick", "Anthony Burgess"]
but could not find the following element(s):
  ["Anthony Burgess"]

at com.qt.qualithon.test.RottenTomatoesMovieSearchTest.testMovieMetadataOnWebHasCorrectWriters(RottenTomatoesMovieSearchTest.java:121)
at java.util.concurrent.ThreadPoolExecutor.runWorker(ThreadPoolExecutor.java:1149)
at java.util.concurrent.ThreadPoolExecutor$Worker.run(ThreadPoolExecutor.java:624)
at java.lang.Thread.run(Thread.java:748)
... Removed 12 stack frames]]>
    </failure>
  </testcase> <!-- testMovieMetadataOnWebHasCorrectWriters -->
  <testcase name="testSearchByExactMovieTitleReturnsMovieAsFirstResult" time="85.163" classname="com.qt.qualithon.test.RottenTomatoesMovieSearchTest"/>
</testsuite> <!-- Surefire test -->
