<?xml version="1.0" encoding="UTF-8"?>
<!-- Generated by org.testng.reporters.JUnitReportReporter -->
<testsuite skipped="0" hostname="ShreyaPradhan" name="com.qt.qualithon.test.RottenTomatoesMovieSearchTest" tests="14" failures="5" timestamp="2022-02-20T23:47:42 NPT" time="1181.148" errors="0">
  <testcase name="testMovieMetadataOnWebHasCorrectMovieRatingScore" time="87.643" classname="com.qt.qualithon.test.RottenTomatoesMovieSearchTest"/>
  <system-out/>
  <testcase name="testMovieMetadataOnWebHasCorrectWriters" time="80.684" classname="com.qt.qualithon.test.RottenTomatoesMovieSearchTest">
    <failure type="java.lang.AssertionError" message="
Expecting ArrayList:
  [&quot;Stanley Kubrick&quot;]
to contain only:
  [&quot;Stanley Kubrick&quot;, &quot;Anthony Burgess&quot;]
but could not find the following element(s):
  [&quot;Anthony Burgess&quot;]
">
      <![CDATA[java.lang.AssertionError: 
Expecting ArrayList:
  ["Stanley Kubrick"]
to contain only:
  ["Stanley Kubrick", "Anthony Burgess"]
but could not find the following element(s):
  ["Anthony Burgess"]

at com.qt.qualithon.test.RottenTomatoesMovieSearchTest.testMovieMetadataOnWebHasCorrectWriters(RottenTomatoesMovieSearchTest.java:121)
at sun.reflect.NativeMethodAccessorImpl.invoke0(Native Method)
at sun.reflect.NativeMethodAccessorImpl.invoke(NativeMethodAccessorImpl.java:62)
at sun.reflect.DelegatingMethodAccessorImpl.invoke(DelegatingMethodAccessorImpl.java:43)
at java.lang.reflect.Method.invoke(Method.java:498)
at org.testng.internal.MethodInvocationHelper.invokeMethod(MethodInvocationHelper.java:132)
at org.testng.internal.TestInvoker.invokeMethod(TestInvoker.java:599)
at org.testng.internal.TestInvoker.invokeTestMethod(TestInvoker.java:174)
at org.testng.internal.MethodRunner.runInSequence(MethodRunner.java:46)
at org.testng.internal.TestInvoker$MethodInvocationAgent.invoke(TestInvoker.java:822)
at org.testng.internal.TestInvoker.invokeTestMethods(TestInvoker.java:147)
at org.testng.internal.TestMethodWorker.invokeTestMethods(TestMethodWorker.java:146)
at org.testng.internal.TestMethodWorker.run(TestMethodWorker.java:128)
at java.util.concurrent.ThreadPoolExecutor.runWorker(ThreadPoolExecutor.java:1149)
at java.util.concurrent.ThreadPoolExecutor$Worker.run(ThreadPoolExecutor.java:624)
at java.lang.Thread.run(Thread.java:748)
]]>
    </failure>
  </testcase> <!-- testMovieMetadataOnWebHasCorrectWriters -->
  <system-out/>
  <testcase name="testMovieMetadataOnWebHasCorrectDirectorName" time="90.264" classname="com.qt.qualithon.test.RottenTomatoesMovieSearchTest"/>
  <system-out/>
  <testcase name="testMovieMetadataOnWebHasCorrectReleaseYear" time="88.347" classname="com.qt.qualithon.test.RottenTomatoesMovieSearchTest"/>
  <system-out/>
  <testcase name="testMovieMetadataOnWebHasCorrectMaturityRating" time="90.629" classname="com.qt.qualithon.test.RottenTomatoesMovieSearchTest"/>
  <system-out/>
  <testcase name="testMovieMetadataOnWebHasCorrectMovieRatingScore" time="81.851" classname="com.qt.qualithon.test.RottenTomatoesMovieSearchTest"/>
  <system-out/>
  <testcase name="testMovieMetadataOnWebHasCorrectReleaseYear" time="83.180" classname="com.qt.qualithon.test.RottenTomatoesMovieSearchTest"/>
  <system-out/>
  <testcase name="testSearchByExactMovieTitleReturnsMovieAsFirstResult" time="83.026" classname="com.qt.qualithon.test.RottenTomatoesMovieSearchTest"/>
  <system-out/>
  <testcase name="testMovieMetadataOnWebHasCorrectMaturityRating" time="84.387" classname="com.qt.qualithon.test.RottenTomatoesMovieSearchTest">
    <failure type="org.junit.ComparisonFailure" message="expected:&lt;&quot;[X]&quot;&gt; but was:&lt;&quot;[R]&quot;&gt;">
      <![CDATA[org.junit.ComparisonFailure: expected:<"[X]"> but was:<"[R]">
at sun.reflect.NativeConstructorAccessorImpl.newInstance0(Native Method)
at sun.reflect.NativeConstructorAccessorImpl.newInstance(NativeConstructorAccessorImpl.java:62)
at sun.reflect.DelegatingConstructorAccessorImpl.newInstance(DelegatingConstructorAccessorImpl.java:45)
at com.qt.qualithon.test.RottenTomatoesMovieSearchTest.testMovieMetadataOnWebHasCorrectMaturityRating(RottenTomatoesMovieSearchTest.java:160)
at sun.reflect.NativeMethodAccessorImpl.invoke0(Native Method)
at sun.reflect.NativeMethodAccessorImpl.invoke(NativeMethodAccessorImpl.java:62)
at sun.reflect.DelegatingMethodAccessorImpl.invoke(DelegatingMethodAccessorImpl.java:43)
at java.lang.reflect.Method.invoke(Method.java:498)
at org.testng.internal.MethodInvocationHelper.invokeMethod(MethodInvocationHelper.java:132)
at org.testng.internal.TestInvoker.invokeMethod(TestInvoker.java:599)
at org.testng.internal.TestInvoker.invokeTestMethod(TestInvoker.java:174)
at org.testng.internal.MethodRunner.runInSequence(MethodRunner.java:46)
at org.testng.internal.TestInvoker$MethodInvocationAgent.invoke(TestInvoker.java:822)
at org.testng.internal.TestInvoker.invokeTestMethods(TestInvoker.java:147)
at org.testng.internal.TestMethodWorker.invokeTestMethods(TestMethodWorker.java:146)
at org.testng.internal.TestMethodWorker.run(TestMethodWorker.java:128)
at java.util.concurrent.ThreadPoolExecutor.runWorker(ThreadPoolExecutor.java:1149)
at java.util.concurrent.ThreadPoolExecutor$Worker.run(ThreadPoolExecutor.java:624)
at java.lang.Thread.run(Thread.java:748)
]]>
    </failure>
  </testcase> <!-- testMovieMetadataOnWebHasCorrectMaturityRating -->
  <system-out/>
  <testcase name="testMovieMetadataOnWebHasCorrectDirectorName" time="93.072" classname="com.qt.qualithon.test.RottenTomatoesMovieSearchTest"/>
  <system-out/>
  <testcase name="testSearchByExactMovieTitleReturnsMovieAsFirstResult" time="87.923" classname="com.qt.qualithon.test.RottenTomatoesMovieSearchTest"/>
  <system-out/>
  <testcase name="testMovieMetadataOnWebHasCorrectGenres" time="90.680" classname="com.qt.qualithon.test.RottenTomatoesMovieSearchTest">
    <failure type="java.lang.AssertionError" message="
Expecting ArrayList:
  [&quot;Fantasy&quot;, &quot; Action&quot;, &quot; Mystery &amp; Thriller&quot;, &quot; Adventure&quot;]
to contain only:
  [&quot;Action&quot;, &quot;Crime&quot;, &quot;Drama&quot;]
element(s) not found:
  [&quot;Action&quot;, &quot;Crime&quot;, &quot;Drama&quot;]
and element(s) not expected:
  [&quot;Fantasy&quot;, &quot; Action&quot;, &quot; Mystery &amp; Thriller&quot;, &quot; Adventure&quot;]
">
      <![CDATA[java.lang.AssertionError: 
Expecting ArrayList:
  ["Fantasy", " Action", " Mystery & Thriller", " Adventure"]
to contain only:
  ["Action", "Crime", "Drama"]
element(s) not found:
  ["Action", "Crime", "Drama"]
and element(s) not expected:
  ["Fantasy", " Action", " Mystery & Thriller", " Adventure"]

at com.qt.qualithon.test.RottenTomatoesMovieSearchTest.testMovieMetadataOnWebHasCorrectGenres(RottenTomatoesMovieSearchTest.java:141)
at sun.reflect.NativeMethodAccessorImpl.invoke0(Native Method)
at sun.reflect.NativeMethodAccessorImpl.invoke(NativeMethodAccessorImpl.java:62)
at sun.reflect.DelegatingMethodAccessorImpl.invoke(DelegatingMethodAccessorImpl.java:43)
at java.lang.reflect.Method.invoke(Method.java:498)
at org.testng.internal.MethodInvocationHelper.invokeMethod(MethodInvocationHelper.java:132)
at org.testng.internal.TestInvoker.invokeMethod(TestInvoker.java:599)
at org.testng.internal.TestInvoker.invokeTestMethod(TestInvoker.java:174)
at org.testng.internal.MethodRunner.runInSequence(MethodRunner.java:46)
at org.testng.internal.TestInvoker$MethodInvocationAgent.invoke(TestInvoker.java:822)
at org.testng.internal.TestInvoker.invokeTestMethods(TestInvoker.java:147)
at org.testng.internal.TestMethodWorker.invokeTestMethods(TestMethodWorker.java:146)
at org.testng.internal.TestMethodWorker.run(TestMethodWorker.java:128)
at java.util.concurrent.ThreadPoolExecutor.runWorker(ThreadPoolExecutor.java:1149)
at java.util.concurrent.ThreadPoolExecutor$Worker.run(ThreadPoolExecutor.java:624)
at java.lang.Thread.run(Thread.java:748)
]]>
    </failure>
  </testcase> <!-- testMovieMetadataOnWebHasCorrectGenres -->
  <system-out/>
  <testcase name="testMovieMetadataOnWebHasCorrectWriters" time="77.057" classname="com.qt.qualithon.test.RottenTomatoesMovieSearchTest">
    <failure type="java.lang.AssertionError" message="
Expecting ArrayList:
  [&quot;Christopher Nolan&quot;]
to contain only:
  [&quot;Jonathan Nolan&quot;, &quot;Christopher Nolan&quot;, &quot;David S. Goyer&quot;]
but could not find the following element(s):
  [&quot;Jonathan Nolan&quot;, &quot;David S. Goyer&quot;]
">
      <![CDATA[java.lang.AssertionError: 
Expecting ArrayList:
  ["Christopher Nolan"]
to contain only:
  ["Jonathan Nolan", "Christopher Nolan", "David S. Goyer"]
but could not find the following element(s):
  ["Jonathan Nolan", "David S. Goyer"]

at com.qt.qualithon.test.RottenTomatoesMovieSearchTest.testMovieMetadataOnWebHasCorrectWriters(RottenTomatoesMovieSearchTest.java:121)
at sun.reflect.NativeMethodAccessorImpl.invoke0(Native Method)
at sun.reflect.NativeMethodAccessorImpl.invoke(NativeMethodAccessorImpl.java:62)
at sun.reflect.DelegatingMethodAccessorImpl.invoke(DelegatingMethodAccessorImpl.java:43)
at java.lang.reflect.Method.invoke(Method.java:498)
at org.testng.internal.MethodInvocationHelper.invokeMethod(MethodInvocationHelper.java:132)
at org.testng.internal.TestInvoker.invokeMethod(TestInvoker.java:599)
at org.testng.internal.TestInvoker.invokeTestMethod(TestInvoker.java:174)
at org.testng.internal.MethodRunner.runInSequence(MethodRunner.java:46)
at org.testng.internal.TestInvoker$MethodInvocationAgent.invoke(TestInvoker.java:822)
at org.testng.internal.TestInvoker.invokeTestMethods(TestInvoker.java:147)
at org.testng.internal.TestMethodWorker.invokeTestMethods(TestMethodWorker.java:146)
at org.testng.internal.TestMethodWorker.run(TestMethodWorker.java:128)
at java.util.concurrent.ThreadPoolExecutor.runWorker(ThreadPoolExecutor.java:1149)
at java.util.concurrent.ThreadPoolExecutor$Worker.run(ThreadPoolExecutor.java:624)
at java.lang.Thread.run(Thread.java:748)
]]>
    </failure>
  </testcase> <!-- testMovieMetadataOnWebHasCorrectWriters -->
  <system-out/>
  <testcase name="testMovieMetadataOnWebHasCorrectGenres" time="62.405" classname="com.qt.qualithon.test.RottenTomatoesMovieSearchTest">
    <failure type="java.lang.AssertionError" message="
Expecting ArrayList:
  [&quot;Drama&quot;, &quot; Comedy&quot;]
to contain only:
  [&quot;Crime&quot;, &quot;Sci-Fi&quot;]
element(s) not found:
  [&quot;Crime&quot;, &quot;Sci-Fi&quot;]
and element(s) not expected:
  [&quot;Drama&quot;, &quot; Comedy&quot;]
">
      <![CDATA[java.lang.AssertionError: 
Expecting ArrayList:
  ["Drama", " Comedy"]
to contain only:
  ["Crime", "Sci-Fi"]
element(s) not found:
  ["Crime", "Sci-Fi"]
and element(s) not expected:
  ["Drama", " Comedy"]

at com.qt.qualithon.test.RottenTomatoesMovieSearchTest.testMovieMetadataOnWebHasCorrectGenres(RottenTomatoesMovieSearchTest.java:141)
at sun.reflect.NativeMethodAccessorImpl.invoke0(Native Method)
at sun.reflect.NativeMethodAccessorImpl.invoke(NativeMethodAccessorImpl.java:62)
at sun.reflect.DelegatingMethodAccessorImpl.invoke(DelegatingMethodAccessorImpl.java:43)
at java.lang.reflect.Method.invoke(Method.java:498)
at org.testng.internal.MethodInvocationHelper.invokeMethod(MethodInvocationHelper.java:132)
at org.testng.internal.TestInvoker.invokeMethod(TestInvoker.java:599)
at org.testng.internal.TestInvoker.invokeTestMethod(TestInvoker.java:174)
at org.testng.internal.MethodRunner.runInSequence(MethodRunner.java:46)
at org.testng.internal.TestInvoker$MethodInvocationAgent.invoke(TestInvoker.java:822)
at org.testng.internal.TestInvoker.invokeTestMethods(TestInvoker.java:147)
at org.testng.internal.TestMethodWorker.invokeTestMethods(TestMethodWorker.java:146)
at org.testng.internal.TestMethodWorker.run(TestMethodWorker.java:128)
at java.util.concurrent.ThreadPoolExecutor.runWorker(ThreadPoolExecutor.java:1149)
at java.util.concurrent.ThreadPoolExecutor$Worker.run(ThreadPoolExecutor.java:624)
at java.lang.Thread.run(Thread.java:748)
]]>
    </failure>
  </testcase> <!-- testMovieMetadataOnWebHasCorrectGenres -->
  <system-out/>
</testsuite> <!-- com.qt.qualithon.test.RottenTomatoesMovieSearchTest -->
